2025-08-11 18:57:53	INFO	::casa	
2025-08-11 18:57:53	INFO	::casa	
2025-08-11 18:57:53	INFO	::casa	Some or all of the expected auto updates did not happen.
2025-08-11 18:57:53	INFO	::casa	This indicates that measurespath is not empty and does not contain data maintained by casaconfig.
2025-08-11 18:57:53	INFO	::casa	If the IERSeop2000 table is found in datapth then casatools will import.
2025-08-11 18:57:53	INFO	::casa	
2025-08-11 18:57:53	INFO	::casa	The casa data found at measurespath is not being maintained by casaconfig.
2025-08-11 18:57:53	INFO	::casa	visit https://casadocs.readthedocs.io/en/stable/notebooks/external-data.html for more information
2025-08-11 18:57:53	INFO	::casa	
2025-08-11 18:57:53	INFO	::casa	
2025-08-11 18:57:53	INFO	::casa	
2025-08-11 18:57:53	INFO	::casa	
2025-08-11 18:57:53	INFO	::casa	
2025-08-11 18:57:54	INFO	::casa	Python version 3.10.12
2025-08-11 18:57:54	INFO	::casa	CASA Version CASALITH 6.6.5.31
2025-08-11 18:57:54	INFO	::casa	
2025-08-11 18:57:54	INFO	::casa	optional configuration file not found, continuing CASA startup without it
2025-08-11 18:57:54	INFO	::casa	loaded config file : /soft/casa-6.6.5-31-py3.10.el8/lib/py/lib/python3.10/site-packages/casaconfig/config.py
2025-08-11 18:57:54	INFO	::casa	
2025-08-11 18:57:54	INFO	::casa	config values
2025-08-11 18:57:54	INFO	::casa	    agg = False
2025-08-11 18:57:54	INFO	::casa	    cachedir = '/Users/tchawla/.casa'
2025-08-11 18:57:54	INFO	::casa	    casaconfig_verbose = 1
2025-08-11 18:57:54	INFO	::casa	    colors = 'Neutral'
2025-08-11 18:57:54	INFO	::casa	    data_auto_update = True
2025-08-11 18:57:54	INFO	::casa	    datapath = ['/Users/tchawla/.casa/data']
2025-08-11 18:57:54	INFO	::casa	    iplog = False
2025-08-11 18:57:54	INFO	::casa	    iplogfile = '/Volumes/disks/theo/49ceti_warpmodel/Spiral/ipython-20250811-185751.log'
2025-08-11 18:57:54	INFO	::casa	    log2term = False
2025-08-11 18:57:54	INFO	::casa	    logfile = '/Volumes/disks/theo/49ceti_warpmodel/Spiral/casa-20250811-185751.log'
2025-08-11 18:57:54	INFO	::casa	    measures_auto_update = True
2025-08-11 18:57:54	INFO	::casa	    measurespath = '/Users/tchawla/.casa/data'
2025-08-11 18:57:54	INFO	::casa	    nogui = False
2025-08-11 18:57:54	INFO	::casa	    nologfile = False
2025-08-11 18:57:54	INFO	::casa	    nologger = False
2025-08-11 18:57:54	INFO	::casa	    pipeline = False
2025-08-11 18:57:54	INFO	::casa	    startupfile = '/Users/tchawla/.casa/startup.py'
2025-08-11 18:57:54	INFO	::casa	    user_site = False
2025-08-11 18:57:54	INFO	::casa	
2025-08-11 18:57:54	INFO	::casa	casarundata version is unknown, this is probably a legacy version not installed by casaconfig
2025-08-11 18:57:54	INFO	::casa	measures version : WSRT_Measures_20250604-160001.ztar
2025-08-11 18:57:54	INFO	::casa	
2025-08-11 18:57:54	INFO	::casa	Checking Measures tables in data repository sub-directory /Users/tchawla/.casa/data/geodetic
2025-08-11 18:57:54	INFO	::casa	  IERSeop2000 (version date, last date in table (UTC)): 2025/05/19/15:15, 2025/04/19/00:00:00
2025-08-11 18:57:54	INFO	::casa	  IERSeop97 (version date, last date in table (UTC)): 2025/05/19/15:15, 2025/04/19/00:00:00
2025-08-11 18:57:54	INFO	::casa	  IERSpredict (version date, last date in table (UTC)): 2025/06/04/15:15, 2025/09/02/00:00:00
2025-08-11 18:57:54	INFO	::casa	  TAI_UTC (version date, last date in table (UTC)): 2025/05/11/15:15, 2017/01/01/00:00:00
2025-08-11 18:57:59	SEVERE	immoments::::casa	Exception Reported: Error in immoments: the imagename parameter must be a path that exists ('unedited_dd.image' does not exist)
2025-08-11 18:57:59	INFO	immoments::::casa	Traceback (most recent call last):
2025-08-11 18:57:59	INFO	immoments::::casa+	  File "/soft/casa-6.6.5-31-py3.10.el8/lib/py/lib/python3.10/site-packages/casashell/private/immoments.py", line 583, in __call__
2025-08-11 18:57:59	INFO	immoments::::casa+	    assert _pc.validate(_invocation_parameters,self.__schema), create_error_string(_pc.errors)
2025-08-11 18:57:59	INFO	immoments::::casa+	AssertionError: the imagename parameter must be a path that exists ('unedited_dd.image' does not exist)
2025-08-11 18:59:10	INFO	importfits::::casa	##########################################
2025-08-11 18:59:10	INFO	importfits::::casa	##### Begin Task: importfits         #####
2025-08-11 18:59:10	INFO	importfits::::casa	importfits( fitsimage='xy_arctanflip.fits', imagename='right_vel_axis.image', whichrep=0, whichhdu=-1, zeroblanks=True, overwrite=True, defaultaxes=False, defaultaxesvalues=[], beam=[] )
2025-08-11 18:59:10	INFO	importfits::::	FITS card 17: CRPIX3  =                    1                                                  
2025-08-11 18:59:10	INFO	importfits::::	Keyword value has wrong data type.
2025-08-11 18:59:10	INFO	importfits::::	... converted to type double.
2025-08-11 18:59:10	INFO	importfits::::ImageFITSConverter	Processing HDU 0
2025-08-11 18:59:10	INFO	importfits::ImageFITSConverterImpl::FITSToImage 	Created image of shape [512, 512, 15]
2025-08-11 18:59:10	INFO	importfits::ImageFITSConverterImpl::FITSToImage 	Copy FITS file to '/Volumes/disks/theo/49ceti_warpmodel/Spiral/right_vel_axis.image' All pixels fit in memory (3932160 pixels).
2025-08-11 18:59:10	INFO	importfits::ImageFITSConverterImpl::FITSToImage 	No usable restoring beam information found.
2025-08-11 18:59:10	WARN	importfits::::casa	This image has no beam or angular resolution provided, so you will not receive warnings from
2025-08-11 18:59:10	WARN	importfits::::casa+	tasks such as imregrid if your image pixels do not sample the the angular resolution well.
2025-08-11 18:59:10	WARN	importfits::::casa+	(This only affects warnings, not any functionality).
2025-08-11 18:59:10	WARN	importfits::::casa+	Providing a beam and brightness units in an image can also be useful for flux calculations.
2025-08-11 18:59:10	WARN	importfits::::casa+	If you wish to add a beam or brightness units to your image, please use
2025-08-11 18:59:10	WARN	importfits::::casa+	the "beam" parameter or ia.setrestoringbeam() and ia.setbrightnessunit()
2025-08-11 18:59:10	INFO	importfits::::casa	Task importfits complete. Start time: 2025-08-11 14:59:09.955468 End time: 2025-08-11 14:59:10.175296
2025-08-11 18:59:10	INFO	importfits::::casa	##### End Task: importfits           #####
2025-08-11 18:59:10	INFO	importfits::::casa	##########################################
2025-08-11 18:59:52	INFO	immoments::::casa	##########################################
2025-08-11 18:59:52	INFO	immoments::::casa	##### Begin Task: immoments          #####
2025-08-11 18:59:52	INFO	immoments::::casa	immoments( imagename='right_vel_axis.image', moments=[0], axis='spec', region='', box='', chans='', stokes='', mask='', includepix=-1, excludepix=-1, outfile='spiral_dd_m0_rotvel.im', stretch=False )
2025-08-11 18:59:52	INFO	immoments::CasacRegionManager::fromBCS	No directional region specified. Using full positional plane.
2025-08-11 18:59:52	INFO	immoments::CasacRegionManager::fromBCS	Using all spectral channels.
2025-08-11 18:59:52	INFO	immoments::ImageRegion::fromRecord	Selected bounding box : 
2025-08-11 18:59:52	INFO	immoments::ImageRegion::fromRecord+	    [0, 0, 0] to [511, 511, 14]  (00:00:00.852, -00.00.12.775, 3.457919e+11Hz to 23:59:59.148, +00.00.12.775, 3.457867e+11Hz)
2025-08-11 18:59:52	INFO	immoments::ImageMoments::createMoments	
2025-08-11 18:59:52	INFO	immoments::ImageMoments::createMoments+	Moment axis type is Frequency
2025-08-11 18:59:52	INFO	immoments::ImageMoments::createMoments	
2025-08-11 18:59:52	INFO	immoments::ImageMoments::createMoments+	
2025-08-11 18:59:52	INFO	immoments::ImageMoments::createMoments+	***********************************************************************
2025-08-11 18:59:52	INFO	immoments::ImageMoments::createMoments+	You have selected the following methods
2025-08-11 18:59:52	INFO	immoments::ImageMoments::createMoments+	The basic method
2025-08-11 18:59:52	INFO	immoments::ImageMoments::createMoments	Created spiral_dd_m0_rotvel.im
2025-08-11 18:59:52	INFO	immoments::ImageMoments::createMoments	Could not determine the units of the moment image(s) so the units 
2025-08-11 18:59:52	INFO	immoments::ImageMoments::createMoments+	will be the same as those of the input image. This may not be very useful.
2025-08-11 18:59:52	INFO	immoments::ImageMoments::createMoments	Begin computation of moments
2025-08-11 18:59:52	INFO	immoments::::casa	Task immoments complete. Start time: 2025-08-11 14:59:52.224316 End time: 2025-08-11 14:59:52.421998
2025-08-11 18:59:52	INFO	immoments::::casa	##### End Task: immoments            #####
2025-08-11 18:59:52	INFO	immoments::::casa	##########################################
2025-08-11 19:00:13	INFO	imview::::casa	##########################################
2025-08-11 19:00:13	INFO	imview::::casa	##### Begin Task: imview             #####
2025-08-11 19:00:13	INFO	imview::::casa	imview( raster='spiral_dd_m0_rotvel.im', contour={}, zoom=1, axes={}, out='' )
2025-08-11 19:00:18	INFO	imview::::casa	Task imview complete. Start time: 2025-08-11 15:00:12.587046 End time: 2025-08-11 15:00:17.565045
2025-08-11 19:00:18	INFO	imview::::casa	##### End Task: imview               #####
2025-08-11 19:00:18	INFO	imview::::casa	##########################################
2025-08-11 19:00:54	INFO	immoments::::casa	##########################################
2025-08-11 19:00:54	INFO	immoments::::casa	##### Begin Task: immoments          #####
2025-08-11 19:00:54	INFO	immoments::::casa	immoments( imagename='right_vel_axis.image', moments=[9], axis='spec', region='', box='', chans='', stokes='', mask='', includepix=-1, excludepix=-1, outfile='spiral_dd_m9_rotvel.im', stretch=False )
2025-08-11 19:00:54	INFO	immoments::CasacRegionManager::fromBCS	No directional region specified. Using full positional plane.
2025-08-11 19:00:54	INFO	immoments::CasacRegionManager::fromBCS	Using all spectral channels.
2025-08-11 19:00:54	INFO	immoments::ImageRegion::fromRecord	Selected bounding box : 
2025-08-11 19:00:54	INFO	immoments::ImageRegion::fromRecord+	    [0, 0, 0] to [511, 511, 14]  (00:00:00.852, -00.00.12.775, 3.457919e+11Hz to 23:59:59.148, +00.00.12.775, 3.457867e+11Hz)
2025-08-11 19:00:54	INFO	immoments::ImageMoments::createMoments	
2025-08-11 19:00:54	INFO	immoments::ImageMoments::createMoments+	Moment axis type is Frequency
2025-08-11 19:00:54	INFO	immoments::ImageMoments::createMoments	
2025-08-11 19:00:54	INFO	immoments::ImageMoments::createMoments+	
2025-08-11 19:00:54	INFO	immoments::ImageMoments::createMoments+	***********************************************************************
2025-08-11 19:00:54	INFO	immoments::ImageMoments::createMoments+	You have selected the following methods
2025-08-11 19:00:54	INFO	immoments::ImageMoments::createMoments+	The basic method
2025-08-11 19:00:54	INFO	immoments::ImageMoments::createMoments	Created spiral_dd_m9_rotvel.im
2025-08-11 19:00:54	INFO	immoments::ImageMoments::createMoments	Begin computation of moments
2025-08-11 19:00:55	INFO	immoments::::casa	Task immoments complete. Start time: 2025-08-11 15:00:54.369124 End time: 2025-08-11 15:00:55.306067
2025-08-11 19:00:55	INFO	immoments::::casa	##### End Task: immoments            #####
2025-08-11 19:00:55	INFO	immoments::::casa	##########################################
2025-08-11 19:01:01	INFO	imview::::casa	##########################################
2025-08-11 19:01:01	INFO	imview::::casa	##### Begin Task: imview             #####
2025-08-11 19:01:01	INFO	imview::::casa	imview( raster='spiral_dd_m9_rotvel.im', contour={}, zoom=1, axes={}, out='' )
2025-08-11 19:01:02	INFO	imview::::casa	Task imview complete. Start time: 2025-08-11 15:01:01.378582 End time: 2025-08-11 15:01:02.236110
2025-08-11 19:01:02	INFO	imview::::casa	##### End Task: imview               #####
2025-08-11 19:01:02	INFO	imview::::casa	##########################################
2025-08-11 19:01:49	INFO	immoments::::casa	##########################################
2025-08-11 19:01:49	INFO	immoments::::casa	##### Begin Task: immoments          #####
2025-08-11 19:01:49	INFO	immoments::::casa	immoments( imagename='right_vel_axis.image', moments=[1], axis='spec', region='', box='', chans='', stokes='', mask='', includepix=-1, excludepix=-1, outfile='spiral_dd_m1_rotvel.im', stretch=False )
2025-08-11 19:01:49	INFO	immoments::CasacRegionManager::fromBCS	No directional region specified. Using full positional plane.
2025-08-11 19:01:49	INFO	immoments::CasacRegionManager::fromBCS	Using all spectral channels.
2025-08-11 19:01:49	INFO	immoments::ImageRegion::fromRecord	Selected bounding box : 
2025-08-11 19:01:49	INFO	immoments::ImageRegion::fromRecord+	    [0, 0, 0] to [511, 511, 14]  (00:00:00.852, -00.00.12.775, 3.457919e+11Hz to 23:59:59.148, +00.00.12.775, 3.457867e+11Hz)
2025-08-11 19:01:49	INFO	immoments::ImageMoments::createMoments	
2025-08-11 19:01:49	INFO	immoments::ImageMoments::createMoments+	Moment axis type is Frequency
2025-08-11 19:01:49	INFO	immoments::ImageMoments::createMoments	
2025-08-11 19:01:49	INFO	immoments::ImageMoments::createMoments+	
2025-08-11 19:01:49	INFO	immoments::ImageMoments::createMoments+	***********************************************************************
2025-08-11 19:01:49	INFO	immoments::ImageMoments::createMoments+	You have selected the following methods
2025-08-11 19:01:49	INFO	immoments::ImageMoments::createMoments+	The basic method
2025-08-11 19:01:49	INFO	immoments::ImageMoments::createMoments	Created spiral_dd_m1_rotvel.im
2025-08-11 19:01:49	INFO	immoments::ImageMoments::createMoments	Begin computation of moments
2025-08-11 19:01:49	INFO	immoments::::casa	Task immoments complete. Start time: 2025-08-11 15:01:49.025674 End time: 2025-08-11 15:01:49.229740
2025-08-11 19:01:49	INFO	immoments::::casa	##### End Task: immoments            #####
2025-08-11 19:01:49	INFO	immoments::::casa	##########################################
2025-08-11 19:01:54	INFO	imview::::casa	##########################################
2025-08-11 19:01:54	INFO	imview::::casa	##### Begin Task: imview             #####
2025-08-11 19:01:54	INFO	imview::::casa	imview( raster='spiral_dd_m1_rotvel.im', contour={}, zoom=1, axes={}, out='' )
2025-08-11 19:01:54	INFO	imview::::casa	Task imview complete. Start time: 2025-08-11 15:01:53.755078 End time: 2025-08-11 15:01:54.469724
2025-08-11 19:01:54	INFO	imview::::casa	##### End Task: imview               #####
2025-08-11 19:01:54	INFO	imview::::casa	##########################################
2025-08-11 19:05:27	INFO	imstat::::casa	##########################################
2025-08-11 19:05:27	INFO	imstat::::casa	##### Begin Task: imstat             #####
2025-08-11 19:05:27	INFO	imstat::::casa	imstat( imagename='right_vel_axis.image', axes=[0, 1], region='', box='', chans='', stokes='', listit=True, verbose=True, mask='', stretch=False, logfile='', append=True, algorithm='classic', fence=-1.0, center='mean', lside=True, zscore=-1.0, maxiter=-1, clmethod='auto', niter=3 )
2025-08-11 19:05:27	INFO	imstat::CasacRegionManager::fromBCS	No directional region specified. Using full positional plane.
2025-08-11 19:05:27	INFO	imstat::CasacRegionManager::fromBCS	Using all spectral channels.
2025-08-11 19:05:27	INFO	imstat::image::statistics 	Determining stats for image right_vel_axis.image
2025-08-11 19:05:27	INFO	imstat::ImageRegion::fromRecord	Selected bounding box : 
2025-08-11 19:05:27	INFO	imstat::ImageRegion::fromRecord+	    [0, 0, 0] to [511, 511, 14]  (00:00:00.852, -00.00.12.775, 3.457919e+11Hz to 23:59:59.148, +00.00.12.775, 3.457867e+11Hz)
2025-08-11 19:05:27	INFO	imstat::ImageStatsCalculator::_logStartup	Statistics calculated using Classic algorithm
2025-08-11 19:05:27	INFO	imstat::ImageStatsCalculator::_logStartup	Regions --- 
2025-08-11 19:05:27	INFO	imstat::ImageStatsCalculator::_logStartup	         -- bottom-left corner (pixel) [blc]:  [0, 0, 0]
2025-08-11 19:05:27	INFO	imstat::ImageStatsCalculator::_logStartup	         -- top-right corner (pixel) [trc]:    [511, 511, 14]
2025-08-11 19:05:27	INFO	imstat::ImageStatsCalculator::_logStartup	         -- bottom-left corner (world) [blcf]: 00:00:00.852, -00.00.12.775, 3.457919e+11Hz
2025-08-11 19:05:27	INFO	imstat::ImageStatsCalculator::_logStartup	         -- top-right corner (world) [trcf]:   23:59:59.148, +00.00.12.775, 3.457867e+11Hz
2025-08-11 19:05:28	INFO	imstat::ImageStatsCalculator::statistics	VELOCITY column unit = km/s
2025-08-11 19:05:28	INFO	imstat::ImageStatsCalculator::statistics	Sum column unit = 
2025-08-11 19:05:28	INFO	imstat::ImageStatsCalculator::statistics+	Mean column unit = 
2025-08-11 19:05:28	INFO	imstat::ImageStatsCalculator::statistics+	Std_dev column unit = 
2025-08-11 19:05:28	INFO	imstat::ImageStatsCalculator::statistics+	Minimum column unit = 
2025-08-11 19:05:28	INFO	imstat::ImageStatsCalculator::statistics+	Maximum column unit = 
2025-08-11 19:05:28	INFO	imstat::ImageStatsCalculator::statistics	        VELOCITY  VELOCITY(Plane) Npts          Sum           Mean          Rms           Std_dev       Minimum       Maximum     
2025-08-11 19:05:28	INFO	imstat::ImageStatsCalculator::statistics	      3.54995796                0  2.621440e+05  1.119987e+00  4.272412e-06  7.824679e-05  7.813022e-05 -4.352112e-04  4.458993e-03
2025-08-11 19:05:28	INFO	imstat::ImageStatsCalculator::statistics	      3.86995004                1  2.621440e+05  8.955989e-01  3.416439e-06  7.378635e-05  7.370735e-05 -7.661092e-04  3.755237e-03
2025-08-11 19:05:28	INFO	imstat::ImageStatsCalculator::statistics	      4.18994144                2  2.621440e+05  5.153779e-01  1.966011e-06  6.084926e-05  6.081761e-05 -5.554210e-04  4.053206e-03
2025-08-11 19:05:28	INFO	imstat::ImageStatsCalculator::statistics	      4.50993215                3  2.621440e+05  3.994251e-01  1.523686e-06  5.510442e-05  5.508345e-05 -6.512402e-04  3.920878e-03
2025-08-11 19:05:28	INFO	imstat::ImageStatsCalculator::statistics	      4.82992218                4  2.621440e+05  3.224114e-01  1.229902e-06  5.085066e-05  5.083588e-05 -8.204742e-04  4.974411e-03
2025-08-11 19:05:28	INFO	imstat::ImageStatsCalculator::statistics	      5.14991153                5  2.621440e+05  2.485876e-01  9.482866e-07  4.486919e-05  4.485925e-05 -5.109961e-04  4.341733e-03
2025-08-11 19:05:28	INFO	imstat::ImageStatsCalculator::statistics	       5.4699002                6  2.621440e+05  1.879793e-01  7.170841e-07  3.897892e-05  3.897240e-05 -5.821597e-04  4.238732e-03
2025-08-11 19:05:28	INFO	imstat::ImageStatsCalculator::statistics	      5.78988818                7  2.621440e+05  1.657441e-01  6.322636e-07  3.665651e-05  3.665113e-05 -3.689526e-04  4.052998e-03
2025-08-11 19:05:28	INFO	imstat::ImageStatsCalculator::statistics	      6.10987548                8  2.621440e+05  1.867700e-01  7.124709e-07  3.909161e-05  3.908519e-05 -6.654467e-04  4.835291e-03
2025-08-11 19:05:28	INFO	imstat::ImageStatsCalculator::statistics	      6.42986209                9  2.621440e+05  2.390825e-01  9.120275e-07  4.441512e-05  4.440584e-05 -4.962186e-04  4.635217e-03
2025-08-11 19:05:28	INFO	imstat::ImageStatsCalculator::statistics	      6.74984802               10  2.621440e+05  2.947461e-01  1.124367e-06  4.925363e-05  4.924089e-05 -8.464256e-04  4.234490e-03
2025-08-11 19:05:28	INFO	imstat::ImageStatsCalculator::statistics	      7.06983327               11  2.621440e+05  3.419013e-01  1.304250e-06  5.165828e-05  5.164191e-05 -6.149048e-04  3.709804e-03
2025-08-11 19:05:28	INFO	imstat::ImageStatsCalculator::statistics	      7.38981784               12  2.621440e+05  3.960669e-01  1.510875e-06  5.501291e-05  5.499226e-05 -6.662320e-04  3.680077e-03
2025-08-11 19:05:28	INFO	imstat::ImageStatsCalculator::statistics	      7.70980172               13  2.621440e+05  5.832635e-01  2.224974e-06  5.996154e-05  5.992036e-05 -7.546087e-04  4.222223e-03
2025-08-11 19:05:28	INFO	imstat::ImageStatsCalculator::statistics	      8.02978492               14  2.621440e+05  1.453301e+00  5.543902e-06  8.045487e-05  8.026379e-05 -5.147799e-04  4.941974e-03
2025-08-11 19:05:28	INFO	imstat::::casa	Task imstat complete. Start time: 2025-08-11 15:05:26.967365 End time: 2025-08-11 15:05:27.517549
2025-08-11 19:05:28	INFO	imstat::::casa	##### End Task: imstat               #####
2025-08-11 19:05:28	INFO	imstat::::casa	##########################################
2025-08-11 19:11:56	INFO	immoments::::casa	##########################################
2025-08-11 19:11:56	INFO	immoments::::casa	##### Begin Task: immoments          #####
2025-08-11 19:11:56	INFO	immoments::::casa	immoments( imagename='right_vel_axis.image', moments=[1], axis='spec', region='', box='', chans='', stokes='', mask='', includepix=[0.0002413646195622814, 10000000000.0], excludepix=-1, outfile='spiral_dd_m1_rotvel_3sigma.im', stretch=False )
2025-08-11 19:11:56	INFO	immoments::CasacRegionManager::fromBCS	No directional region specified. Using full positional plane.
2025-08-11 19:11:56	INFO	immoments::CasacRegionManager::fromBCS	Using all spectral channels.
2025-08-11 19:11:56	INFO	immoments::ImageRegion::fromRecord	Selected bounding box : 
2025-08-11 19:11:56	INFO	immoments::ImageRegion::fromRecord+	    [0, 0, 0] to [511, 511, 14]  (00:00:00.852, -00.00.12.775, 3.457919e+11Hz to 23:59:59.148, +00.00.12.775, 3.457867e+11Hz)
2025-08-11 19:11:56	INFO	immoments::ImageMoments::createMoments	
2025-08-11 19:11:56	INFO	immoments::ImageMoments::createMoments+	Moment axis type is Frequency
2025-08-11 19:11:56	INFO	immoments::ImageMoments::createMoments	
2025-08-11 19:11:56	INFO	immoments::ImageMoments::createMoments+	
2025-08-11 19:11:56	INFO	immoments::ImageMoments::createMoments+	***********************************************************************
2025-08-11 19:11:56	INFO	immoments::ImageMoments::createMoments+	You have selected the following methods
2025-08-11 19:11:56	INFO	immoments::ImageMoments::createMoments+	The basic clip method
2025-08-11 19:11:56	INFO	immoments::ImageMoments::createMoments	Created spiral_dd_m1_rotvel_3sigma.im
2025-08-11 19:11:56	INFO	immoments::ImageMoments::createMoments	Begin computation of moments
2025-08-11 19:11:56	INFO	immoments::::casa	Task immoments complete. Start time: 2025-08-11 15:11:55.920650 End time: 2025-08-11 15:11:56.096170
2025-08-11 19:11:56	INFO	immoments::::casa	##### End Task: immoments            #####
2025-08-11 19:11:56	INFO	immoments::::casa	##########################################
2025-08-11 19:12:10	INFO	imview::::casa	##########################################
2025-08-11 19:12:10	INFO	imview::::casa	##### Begin Task: imview             #####
2025-08-11 19:12:10	INFO	imview::::casa	imview( raster='spiral_dd_m1_rotvel_3sigma.im', contour={}, zoom=1, axes={}, out='' )
2025-08-11 19:12:11	INFO	imview::::casa	Task imview complete. Start time: 2025-08-11 15:12:09.981998 End time: 2025-08-11 15:12:10.724404
2025-08-11 19:12:11	INFO	imview::::casa	##### End Task: imview               #####
2025-08-11 19:12:11	INFO	imview::::casa	##########################################
2025-08-11 19:12:54	INFO	immoments::::casa	##########################################
2025-08-11 19:12:54	INFO	immoments::::casa	##### Begin Task: immoments          #####
2025-08-11 19:12:54	INFO	immoments::::casa	immoments( imagename='right_vel_axis.image', moments=[9], axis='spec', region='', box='', chans='', stokes='', mask='', includepix=[0.0002413646195622814, 10000000000.0], excludepix=-1, outfile='spiral_dd_m9_rotvel_3sigma.im', stretch=False )
2025-08-11 19:12:54	INFO	immoments::CasacRegionManager::fromBCS	No directional region specified. Using full positional plane.
2025-08-11 19:12:54	INFO	immoments::CasacRegionManager::fromBCS	Using all spectral channels.
2025-08-11 19:12:54	INFO	immoments::ImageRegion::fromRecord	Selected bounding box : 
2025-08-11 19:12:54	INFO	immoments::ImageRegion::fromRecord+	    [0, 0, 0] to [511, 511, 14]  (00:00:00.852, -00.00.12.775, 3.457919e+11Hz to 23:59:59.148, +00.00.12.775, 3.457867e+11Hz)
2025-08-11 19:12:54	INFO	immoments::ImageMoments::createMoments	
2025-08-11 19:12:54	INFO	immoments::ImageMoments::createMoments+	Moment axis type is Frequency
2025-08-11 19:12:54	INFO	immoments::ImageMoments::createMoments	
2025-08-11 19:12:54	INFO	immoments::ImageMoments::createMoments+	
2025-08-11 19:12:54	INFO	immoments::ImageMoments::createMoments+	***********************************************************************
2025-08-11 19:12:54	INFO	immoments::ImageMoments::createMoments+	You have selected the following methods
2025-08-11 19:12:54	INFO	immoments::ImageMoments::createMoments+	The basic clip method
2025-08-11 19:12:54	INFO	immoments::ImageMoments::createMoments	Created spiral_dd_m9_rotvel_3sigma.im
2025-08-11 19:12:54	INFO	immoments::ImageMoments::createMoments	Begin computation of moments
2025-08-11 19:12:54	INFO	immoments::::casa	Task immoments complete. Start time: 2025-08-11 15:12:54.185152 End time: 2025-08-11 15:12:54.367082
2025-08-11 19:12:54	INFO	immoments::::casa	##### End Task: immoments            #####
2025-08-11 19:12:54	INFO	immoments::::casa	##########################################
2025-08-11 19:13:04	INFO	immoments::::casa	##########################################
2025-08-11 19:13:04	INFO	immoments::::casa	##### Begin Task: immoments          #####
2025-08-11 19:13:04	INFO	immoments::::casa	immoments( imagename='right_vel_axis.image', moments=[9], axis='spec', region='', box='', chans='', stokes='', mask='', includepix=[0.0002413646195622814, 10000000000.0], excludepix=-1, outfile='spiral_dd_m9_rotvel_9sigma.im', stretch=False )
2025-08-11 19:13:04	INFO	immoments::CasacRegionManager::fromBCS	No directional region specified. Using full positional plane.
2025-08-11 19:13:04	INFO	immoments::CasacRegionManager::fromBCS	Using all spectral channels.
2025-08-11 19:13:04	INFO	immoments::ImageRegion::fromRecord	Selected bounding box : 
2025-08-11 19:13:04	INFO	immoments::ImageRegion::fromRecord+	    [0, 0, 0] to [511, 511, 14]  (00:00:00.852, -00.00.12.775, 3.457919e+11Hz to 23:59:59.148, +00.00.12.775, 3.457867e+11Hz)
2025-08-11 19:13:04	INFO	immoments::ImageMoments::createMoments	
2025-08-11 19:13:04	INFO	immoments::ImageMoments::createMoments+	Moment axis type is Frequency
2025-08-11 19:13:04	INFO	immoments::ImageMoments::createMoments	
2025-08-11 19:13:04	INFO	immoments::ImageMoments::createMoments+	
2025-08-11 19:13:04	INFO	immoments::ImageMoments::createMoments+	***********************************************************************
2025-08-11 19:13:04	INFO	immoments::ImageMoments::createMoments+	You have selected the following methods
2025-08-11 19:13:04	INFO	immoments::ImageMoments::createMoments+	The basic clip method
2025-08-11 19:13:04	INFO	immoments::ImageMoments::createMoments	Created spiral_dd_m9_rotvel_9sigma.im
2025-08-11 19:13:04	INFO	immoments::ImageMoments::createMoments	Begin computation of moments
2025-08-11 19:13:04	INFO	immoments::::casa	Task immoments complete. Start time: 2025-08-11 15:13:03.582728 End time: 2025-08-11 15:13:03.782043
2025-08-11 19:13:04	INFO	immoments::::casa	##### End Task: immoments            #####
2025-08-11 19:13:04	INFO	immoments::::casa	##########################################
2025-08-11 19:13:20	INFO	imview::::casa	##########################################
2025-08-11 19:13:20	INFO	imview::::casa	##### Begin Task: imview             #####
2025-08-11 19:13:20	INFO	imview::::casa	imview( raster='spiral_dd_m9_rotvel_3sigma.im', contour={}, zoom=1, axes={}, out='' )
2025-08-11 19:13:21	INFO	imview::::casa	Task imview complete. Start time: 2025-08-11 15:13:20.056830 End time: 2025-08-11 15:13:20.888994
2025-08-11 19:13:21	INFO	imview::::casa	##### End Task: imview               #####
2025-08-11 19:13:21	INFO	imview::::casa	##########################################
2025-08-11 19:35:58	SEVERE	imstat::::casa	Exception Reported: Error in imstat: the imagename parameter must be a path that exists ('unedited_dd.image.image' does not exist)
2025-08-11 19:35:58	INFO	imstat::::casa	Traceback (most recent call last):
2025-08-11 19:35:58	INFO	imstat::::casa+	  File "/soft/casa-6.6.5-31-py3.10.el8/lib/py/lib/python3.10/site-packages/casashell/private/imstat.py", line 694, in __call__
2025-08-11 19:35:58	INFO	imstat::::casa+	    assert _pc.validate(_invocation_parameters,self.__schema), create_error_string(_pc.errors)
2025-08-11 19:35:58	INFO	imstat::::casa+	AssertionError: the imagename parameter must be a path that exists ('unedited_dd.image.image' does not exist)
2025-08-11 19:36:07	SEVERE	imstat::::casa	Exception Reported: Error in imstat: the imagename parameter must be a path that exists ('unedited_dd.image' does not exist)
2025-08-11 19:36:07	INFO	imstat::::casa	Traceback (most recent call last):
2025-08-11 19:36:07	INFO	imstat::::casa+	  File "/soft/casa-6.6.5-31-py3.10.el8/lib/py/lib/python3.10/site-packages/casashell/private/imstat.py", line 694, in __call__
2025-08-11 19:36:07	INFO	imstat::::casa+	    assert _pc.validate(_invocation_parameters,self.__schema), create_error_string(_pc.errors)
2025-08-11 19:36:07	INFO	imstat::::casa+	AssertionError: the imagename parameter must be a path that exists ('unedited_dd.image' does not exist)
2025-08-11 19:37:11	SEVERE	imstat::::casa	Exception Reported: Error in imstat: the imagename parameter must be a path that exists ('unedited_dd.image' does not exist)
2025-08-11 19:37:11	INFO	imstat::::casa	Traceback (most recent call last):
2025-08-11 19:37:11	INFO	imstat::::casa+	  File "/soft/casa-6.6.5-31-py3.10.el8/lib/py/lib/python3.10/site-packages/casashell/private/imstat.py", line 694, in __call__
2025-08-11 19:37:11	INFO	imstat::::casa+	    assert _pc.validate(_invocation_parameters,self.__schema), create_error_string(_pc.errors)
2025-08-11 19:37:11	INFO	imstat::::casa+	AssertionError: the imagename parameter must be a path that exists ('unedited_dd.image' does not exist)
2025-08-11 19:37:29	SEVERE	imstat::::casa	Exception Reported: Error in imstat: the imagename parameter must be a path that exists ('../unedited_dd.image' does not exist)
2025-08-11 19:37:29	INFO	imstat::::casa	Traceback (most recent call last):
2025-08-11 19:37:29	INFO	imstat::::casa+	  File "/soft/casa-6.6.5-31-py3.10.el8/lib/py/lib/python3.10/site-packages/casashell/private/imstat.py", line 694, in __call__
2025-08-11 19:37:29	INFO	imstat::::casa+	    assert _pc.validate(_invocation_parameters,self.__schema), create_error_string(_pc.errors)
2025-08-11 19:37:29	INFO	imstat::::casa+	AssertionError: the imagename parameter must be a path that exists ('../unedited_dd.image' does not exist)
2025-08-11 19:37:58	INFO	imstat::::casa	##########################################
2025-08-11 19:37:58	INFO	imstat::::casa	##### Begin Task: imstat             #####
2025-08-11 19:37:58	INFO	imstat::::casa	imstat( imagename='unedited_dd.image', axes=[0, 1], region='', box='', chans='', stokes='', listit=True, verbose=True, mask='', stretch=False, logfile='', append=True, algorithm='classic', fence=-1.0, center='mean', lside=True, zscore=-1.0, maxiter=-1, clmethod='auto', niter=3 )
2025-08-11 19:37:58	INFO	imstat::CasacRegionManager::fromBCS	No directional region specified. Using full positional plane.
2025-08-11 19:37:58	INFO	imstat::CasacRegionManager::fromBCS	Using all spectral channels.
2025-08-11 19:37:58	INFO	imstat::image::statistics 	Determining stats for image unedited_dd.image
2025-08-11 19:37:58	INFO	imstat::ImageRegion::fromRecord	Selected bounding box : 
2025-08-11 19:37:58	INFO	imstat::ImageRegion::fromRecord+	    [0, 0, 0] to [511, 511, 14]  (00:00:00.852, -00.00.12.775, 3.457919e+11Hz to 23:59:59.148, +00.00.12.775, 3.457867e+11Hz)
2025-08-11 19:37:58	INFO	imstat::ImageStatsCalculator::_logStartup	Statistics calculated using Classic algorithm
2025-08-11 19:37:58	INFO	imstat::ImageStatsCalculator::_logStartup	Regions --- 
2025-08-11 19:37:58	INFO	imstat::ImageStatsCalculator::_logStartup	         -- bottom-left corner (pixel) [blc]:  [0, 0, 0]
2025-08-11 19:37:58	INFO	imstat::ImageStatsCalculator::_logStartup	         -- top-right corner (pixel) [trc]:    [511, 511, 14]
2025-08-11 19:37:58	INFO	imstat::ImageStatsCalculator::_logStartup	         -- bottom-left corner (world) [blcf]: 00:00:00.852, -00.00.12.775, 3.457919e+11Hz
2025-08-11 19:37:58	INFO	imstat::ImageStatsCalculator::_logStartup	         -- top-right corner (world) [trcf]:   23:59:59.148, +00.00.12.775, 3.457867e+11Hz
2025-08-11 19:37:58	INFO	imstat::ImageStatsCalculator::statistics	VELOCITY column unit = km/s
2025-08-11 19:37:58	INFO	imstat::ImageStatsCalculator::statistics	Sum column unit = 
2025-08-11 19:37:58	INFO	imstat::ImageStatsCalculator::statistics+	Mean column unit = 
2025-08-11 19:37:58	INFO	imstat::ImageStatsCalculator::statistics+	Std_dev column unit = 
2025-08-11 19:37:58	INFO	imstat::ImageStatsCalculator::statistics+	Minimum column unit = 
2025-08-11 19:37:58	INFO	imstat::ImageStatsCalculator::statistics+	Maximum column unit = 
2025-08-11 19:37:58	INFO	imstat::ImageStatsCalculator::statistics	        VELOCITY  VELOCITY(Plane) Npts          Sum           Mean          Rms           Std_dev       Minimum       Maximum     
2025-08-11 19:37:58	INFO	imstat::ImageStatsCalculator::statistics	      3.54995796                0  2.621440e+05  6.958330e-01  2.654392e-06  6.889391e-05  6.884289e-05 -4.494919e-04  3.688028e-03
2025-08-11 19:37:58	INFO	imstat::ImageStatsCalculator::statistics	      3.86995004                1  2.621440e+05  5.486014e-01  2.092748e-06  6.362356e-05  6.358925e-05 -7.804045e-04  4.274813e-03
2025-08-11 19:37:58	INFO	imstat::ImageStatsCalculator::statistics	      4.18994144                2  2.621440e+05  4.373139e-01  1.668220e-06  5.783101e-05  5.780705e-05 -5.215862e-04  4.416678e-03
2025-08-11 19:37:58	INFO	imstat::ImageStatsCalculator::statistics	      4.50993215                3  2.621440e+05  3.595005e-01  1.371386e-06  5.358620e-05  5.356875e-05 -5.422032e-04  4.161487e-03
2025-08-11 19:37:58	INFO	imstat::ImageStatsCalculator::statistics	      4.82992218                4  2.621440e+05  2.946192e-01  1.123883e-06  4.982995e-05  4.981737e-05 -7.368126e-04  4.775331e-03
2025-08-11 19:37:58	INFO	imstat::ImageStatsCalculator::statistics	      5.14991153                5  2.621440e+05  2.351779e-01  8.971326e-07  4.480295e-05  4.479405e-05 -5.348391e-04  4.219821e-03
2025-08-11 19:37:58	INFO	imstat::ImageStatsCalculator::statistics	       5.4699002                6  2.621440e+05  1.810595e-01  6.906872e-07  3.939159e-05  3.938561e-05 -6.303924e-04  4.159921e-03
2025-08-11 19:37:58	INFO	imstat::ImageStatsCalculator::statistics	      5.78988818                7  2.621440e+05  1.585970e-01  6.049994e-07  3.577277e-05  3.576772e-05 -3.481307e-04  4.113521e-03
2025-08-11 19:37:58	INFO	imstat::ImageStatsCalculator::statistics	      6.10987548                8  2.621440e+05  1.811713e-01  6.911137e-07  3.944090e-05  3.943492e-05 -7.845559e-04  5.150790e-03
2025-08-11 19:37:58	INFO	imstat::ImageStatsCalculator::statistics	      6.42986209                9  2.621440e+05  2.352604e-01  8.974470e-07  4.486437e-05  4.485548e-05 -6.071997e-04  4.809185e-03
2025-08-11 19:37:58	INFO	imstat::ImageStatsCalculator::statistics	      6.74984802               10  2.621440e+05  2.946267e-01  1.123912e-06  4.975969e-05  4.974709e-05 -7.247924e-04  4.037167e-03
2025-08-11 19:37:58	INFO	imstat::ImageStatsCalculator::statistics	      7.06983327               11  2.621440e+05  3.594530e-01  1.371204e-06  5.345402e-05  5.343653e-05 -5.515182e-04  4.231812e-03
2025-08-11 19:37:58	INFO	imstat::ImageStatsCalculator::statistics	      7.38981784               12  2.621440e+05  4.372923e-01  1.668138e-06  5.776754e-05  5.774356e-05 -5.535886e-04  4.329329e-03
2025-08-11 19:37:58	INFO	imstat::ImageStatsCalculator::statistics	      7.70980172               13  2.621440e+05  5.486033e-01  2.092755e-06  6.359392e-05  6.355960e-05 -7.814469e-04  4.295925e-03
2025-08-11 19:37:58	INFO	imstat::ImageStatsCalculator::statistics	      8.02978492               14  2.621440e+05  6.958395e-01  2.654417e-06  6.889682e-05  6.884580e-05 -4.287283e-04  3.943550e-03
2025-08-11 19:37:58	INFO	imstat::::casa	Task imstat complete. Start time: 2025-08-11 15:37:57.925880 End time: 2025-08-11 15:37:58.467538
2025-08-11 19:37:58	INFO	imstat::::casa	##### End Task: imstat               #####
2025-08-11 19:37:58	INFO	imstat::::casa	##########################################
2025-08-11 19:39:21	INFO	immoments::::casa	##########################################
2025-08-11 19:39:21	INFO	immoments::::casa	##### Begin Task: immoments          #####
2025-08-11 19:39:21	INFO	immoments::::casa	immoments( imagename='unedited_dd.image', moments=[9], axis='spec', region='', box='', chans='', stokes='', mask='', includepix=[0.00020669047251246661, 10000000000.0], excludepix=-1, outfile='unedited_dd_m9_3sigma.im', stretch=False )
2025-08-11 19:39:21	INFO	immoments::CasacRegionManager::fromBCS	No directional region specified. Using full positional plane.
2025-08-11 19:39:21	INFO	immoments::CasacRegionManager::fromBCS	Using all spectral channels.
2025-08-11 19:39:21	INFO	immoments::ImageRegion::fromRecord	Selected bounding box : 
2025-08-11 19:39:21	INFO	immoments::ImageRegion::fromRecord+	    [0, 0, 0] to [511, 511, 14]  (00:00:00.852, -00.00.12.775, 3.457919e+11Hz to 23:59:59.148, +00.00.12.775, 3.457867e+11Hz)
2025-08-11 19:39:21	INFO	immoments::ImageMoments::createMoments	
2025-08-11 19:39:21	INFO	immoments::ImageMoments::createMoments+	Moment axis type is Frequency
2025-08-11 19:39:21	INFO	immoments::ImageMoments::createMoments	
2025-08-11 19:39:21	INFO	immoments::ImageMoments::createMoments+	
2025-08-11 19:39:21	INFO	immoments::ImageMoments::createMoments+	***********************************************************************
2025-08-11 19:39:21	INFO	immoments::ImageMoments::createMoments+	You have selected the following methods
2025-08-11 19:39:21	INFO	immoments::ImageMoments::createMoments+	The basic clip method
2025-08-11 19:39:21	INFO	immoments::ImageMoments::createMoments	Created unedited_dd_m9_3sigma.im
2025-08-11 19:39:21	INFO	immoments::ImageMoments::createMoments	Begin computation of moments
2025-08-11 19:39:21	INFO	immoments::::casa	Task immoments complete. Start time: 2025-08-11 15:39:20.522939 End time: 2025-08-11 15:39:20.704945
2025-08-11 19:39:21	INFO	immoments::::casa	##### End Task: immoments            #####
2025-08-11 19:39:21	INFO	immoments::::casa	##########################################
2025-08-11 19:39:43	INFO	imview::::casa	##########################################
2025-08-11 19:39:43	INFO	imview::::casa	##### Begin Task: imview             #####
2025-08-11 19:39:43	INFO	imview::::casa	imview( raster='unedited_dd_m9_3sigma.im', contour={}, zoom=1, axes={}, out='' )
2025-08-11 19:39:43	INFO	imview::::casa	Task imview complete. Start time: 2025-08-11 15:39:42.760056 End time: 2025-08-11 15:39:43.408626
2025-08-11 19:39:43	INFO	imview::::casa	##### End Task: imview               #####
2025-08-11 19:39:43	INFO	imview::::casa	##########################################
2025-08-11 19:49:07	SEVERE	importfits::::casa	Exception Reported: Error in importfits: the fitsimage parameter must be a path that exists ('85_incl_spiral.fits' does not exist)
2025-08-11 19:49:07	INFO	importfits::::casa	Traceback (most recent call last):
2025-08-11 19:49:07	INFO	importfits::::casa+	  File "/soft/casa-6.6.5-31-py3.10.el8/lib/py/lib/python3.10/site-packages/casashell/private/importfits.py", line 467, in __call__
2025-08-11 19:49:07	INFO	importfits::::casa+	    assert _pc.validate(_invocation_parameters,self.__schema), create_error_string(_pc.errors)
2025-08-11 19:49:07	INFO	importfits::::casa+	AssertionError: the fitsimage parameter must be a path that exists ('85_incl_spiral.fits' does not exist)
2025-08-11 19:49:16	INFO	importfits::::casa	##########################################
2025-08-11 19:49:16	INFO	importfits::::casa	##### Begin Task: importfits         #####
2025-08-11 19:49:16	INFO	importfits::::casa	importfits( fitsimage='85_incl_spiral.fits', imagename='high_inc_spiral.image', whichrep=0, whichhdu=-1, zeroblanks=True, overwrite=True, defaultaxes=False, defaultaxesvalues=[], beam=[] )
2025-08-11 19:49:16	INFO	importfits::::	FITS card 17: CRPIX3  =                    1                                                  
2025-08-11 19:49:16	INFO	importfits::::	Keyword value has wrong data type.
2025-08-11 19:49:16	INFO	importfits::::	... converted to type double.
2025-08-11 19:49:16	INFO	importfits::::ImageFITSConverter	Processing HDU 0
2025-08-11 19:49:16	INFO	importfits::ImageFITSConverterImpl::FITSToImage 	Created image of shape [512, 512, 15]
2025-08-11 19:49:16	INFO	importfits::ImageFITSConverterImpl::FITSToImage 	Copy FITS file to '/Volumes/disks/theo/49ceti_warpmodel/Spiral/high_inc_spiral.image' All pixels fit in memory (3932160 pixels).
2025-08-11 19:49:16	INFO	importfits::ImageFITSConverterImpl::FITSToImage 	No usable restoring beam information found.
2025-08-11 19:49:16	WARN	importfits::::casa	This image has no beam or angular resolution provided, so you will not receive warnings from
2025-08-11 19:49:16	WARN	importfits::::casa+	tasks such as imregrid if your image pixels do not sample the the angular resolution well.
2025-08-11 19:49:16	WARN	importfits::::casa+	(This only affects warnings, not any functionality).
2025-08-11 19:49:16	WARN	importfits::::casa+	Providing a beam and brightness units in an image can also be useful for flux calculations.
2025-08-11 19:49:16	WARN	importfits::::casa+	If you wish to add a beam or brightness units to your image, please use
2025-08-11 19:49:16	WARN	importfits::::casa+	the "beam" parameter or ia.setrestoringbeam() and ia.setbrightnessunit()
2025-08-11 19:49:16	INFO	importfits::::casa	Task importfits complete. Start time: 2025-08-11 15:49:15.749781 End time: 2025-08-11 15:49:16.218010
2025-08-11 19:49:16	INFO	importfits::::casa	##### End Task: importfits           #####
2025-08-11 19:49:16	INFO	importfits::::casa	##########################################
2025-08-11 19:49:25	INFO	importfits::::casa	##########################################
2025-08-11 19:49:25	INFO	importfits::::casa	##### Begin Task: importfits         #####
2025-08-11 19:49:25	INFO	importfits::::casa	importfits( fitsimage='85_incl_nospiral.fits', imagename='high_inc_spiral.image', whichrep=0, whichhdu=-1, zeroblanks=True, overwrite=True, defaultaxes=False, defaultaxesvalues=[], beam=[] )
2025-08-11 19:49:25	INFO	importfits::::	FITS card 17: CRPIX3  =                    1                                                  
2025-08-11 19:49:25	INFO	importfits::::	Keyword value has wrong data type.
2025-08-11 19:49:25	INFO	importfits::::	... converted to type double.
2025-08-11 19:49:25	INFO	importfits::::ImageFITSConverter	Processing HDU 0
2025-08-11 19:49:25	INFO	importfits::ImageFITSConverterImpl::FITSToImage 	Created image of shape [512, 512, 15]
2025-08-11 19:49:25	INFO	importfits::ImageFITSConverterImpl::FITSToImage 	Copy FITS file to '/Volumes/disks/theo/49ceti_warpmodel/Spiral/high_inc_spiral.image' All pixels fit in memory (3932160 pixels).
2025-08-11 19:49:25	INFO	importfits::ImageFITSConverterImpl::FITSToImage 	No usable restoring beam information found.
2025-08-11 19:49:25	WARN	importfits::::casa	This image has no beam or angular resolution provided, so you will not receive warnings from
2025-08-11 19:49:25	WARN	importfits::::casa+	tasks such as imregrid if your image pixels do not sample the the angular resolution well.
2025-08-11 19:49:25	WARN	importfits::::casa+	(This only affects warnings, not any functionality).
2025-08-11 19:49:25	WARN	importfits::::casa+	Providing a beam and brightness units in an image can also be useful for flux calculations.
2025-08-11 19:49:25	WARN	importfits::::casa+	If you wish to add a beam or brightness units to your image, please use
2025-08-11 19:49:25	WARN	importfits::::casa+	the "beam" parameter or ia.setrestoringbeam() and ia.setbrightnessunit()
2025-08-11 19:49:25	INFO	importfits::::casa	Task importfits complete. Start time: 2025-08-11 15:49:24.680829 End time: 2025-08-11 15:49:25.160444
2025-08-11 19:49:25	INFO	importfits::::casa	##### End Task: importfits           #####
2025-08-11 19:49:25	INFO	importfits::::casa	##########################################
2025-08-11 19:49:54	INFO	importfits::::casa	##########################################
2025-08-11 19:49:54	INFO	importfits::::casa	##### Begin Task: importfits         #####
2025-08-11 19:49:54	INFO	importfits::::casa	importfits( fitsimage='85_incl_spiral.fits', imagename='high_inc_spiral.image', whichrep=0, whichhdu=-1, zeroblanks=True, overwrite=True, defaultaxes=False, defaultaxesvalues=[], beam=[] )
2025-08-11 19:49:54	INFO	importfits::::	FITS card 17: CRPIX3  =                    1                                                  
2025-08-11 19:49:54	INFO	importfits::::	Keyword value has wrong data type.
2025-08-11 19:49:54	INFO	importfits::::	... converted to type double.
2025-08-11 19:49:54	INFO	importfits::::ImageFITSConverter	Processing HDU 0
2025-08-11 19:49:54	INFO	importfits::ImageFITSConverterImpl::FITSToImage 	Created image of shape [512, 512, 15]
2025-08-11 19:49:54	INFO	importfits::ImageFITSConverterImpl::FITSToImage 	Copy FITS file to '/Volumes/disks/theo/49ceti_warpmodel/Spiral/high_inc_spiral.image' All pixels fit in memory (3932160 pixels).
2025-08-11 19:49:55	INFO	importfits::ImageFITSConverterImpl::FITSToImage 	No usable restoring beam information found.
2025-08-11 19:49:55	WARN	importfits::::casa	This image has no beam or angular resolution provided, so you will not receive warnings from
2025-08-11 19:49:55	WARN	importfits::::casa+	tasks such as imregrid if your image pixels do not sample the the angular resolution well.
2025-08-11 19:49:55	WARN	importfits::::casa+	(This only affects warnings, not any functionality).
2025-08-11 19:49:55	WARN	importfits::::casa+	Providing a beam and brightness units in an image can also be useful for flux calculations.
2025-08-11 19:49:55	WARN	importfits::::casa+	If you wish to add a beam or brightness units to your image, please use
2025-08-11 19:49:55	WARN	importfits::::casa+	the "beam" parameter or ia.setrestoringbeam() and ia.setbrightnessunit()
2025-08-11 19:49:55	INFO	importfits::::casa	Task importfits complete. Start time: 2025-08-11 15:49:54.319839 End time: 2025-08-11 15:49:54.541323
2025-08-11 19:49:55	INFO	importfits::::casa	##### End Task: importfits           #####
2025-08-11 19:49:55	INFO	importfits::::casa	##########################################
2025-08-11 19:50:06	INFO	importfits::::casa	##########################################
2025-08-11 19:50:06	INFO	importfits::::casa	##### Begin Task: importfits         #####
2025-08-11 19:50:06	INFO	importfits::::casa	importfits( fitsimage='85_incl_nospiral.fits', imagename='high_inc_nospiral.image', whichrep=0, whichhdu=-1, zeroblanks=True, overwrite=True, defaultaxes=False, defaultaxesvalues=[], beam=[] )
2025-08-11 19:50:06	INFO	importfits::::	FITS card 17: CRPIX3  =                    1                                                  
2025-08-11 19:50:06	INFO	importfits::::	Keyword value has wrong data type.
2025-08-11 19:50:06	INFO	importfits::::	... converted to type double.
2025-08-11 19:50:06	INFO	importfits::::ImageFITSConverter	Processing HDU 0
2025-08-11 19:50:06	INFO	importfits::ImageFITSConverterImpl::FITSToImage 	Created image of shape [512, 512, 15]
2025-08-11 19:50:06	INFO	importfits::ImageFITSConverterImpl::FITSToImage 	Copy FITS file to '/Volumes/disks/theo/49ceti_warpmodel/Spiral/high_inc_nospiral.image' All pixels fit in memory (3932160 pixels).
2025-08-11 19:50:06	INFO	importfits::ImageFITSConverterImpl::FITSToImage 	No usable restoring beam information found.
2025-08-11 19:50:06	WARN	importfits::::casa	This image has no beam or angular resolution provided, so you will not receive warnings from
2025-08-11 19:50:06	WARN	importfits::::casa+	tasks such as imregrid if your image pixels do not sample the the angular resolution well.
2025-08-11 19:50:06	WARN	importfits::::casa+	(This only affects warnings, not any functionality).
2025-08-11 19:50:06	WARN	importfits::::casa+	Providing a beam and brightness units in an image can also be useful for flux calculations.
2025-08-11 19:50:06	WARN	importfits::::casa+	If you wish to add a beam or brightness units to your image, please use
2025-08-11 19:50:06	WARN	importfits::::casa+	the "beam" parameter or ia.setrestoringbeam() and ia.setbrightnessunit()
2025-08-11 19:50:06	INFO	importfits::::casa	Task importfits complete. Start time: 2025-08-11 15:50:05.519207 End time: 2025-08-11 15:50:05.728178
2025-08-11 19:50:06	INFO	importfits::::casa	##### End Task: importfits           #####
2025-08-11 19:50:06	INFO	importfits::::casa	##########################################
2025-08-11 19:51:58	INFO	immoments::::casa	##########################################
2025-08-11 19:51:58	INFO	immoments::::casa	##### Begin Task: immoments          #####
2025-08-11 19:51:58	INFO	immoments::::casa	immoments( imagename='high_inc_spiral.image', moments=[9], axis='spec', region='', box='', chans='', stokes='', mask='', includepix=[0.00020669047251246661, 10000000000.0], excludepix=-1, outfile='high_incspiral_m9_3sigma.im', stretch=False )
2025-08-11 19:51:58	INFO	immoments::CasacRegionManager::fromBCS	No directional region specified. Using full positional plane.
2025-08-11 19:51:58	INFO	immoments::CasacRegionManager::fromBCS	Using all spectral channels.
2025-08-11 19:51:58	INFO	immoments::ImageRegion::fromRecord	Selected bounding box : 
2025-08-11 19:51:58	INFO	immoments::ImageRegion::fromRecord+	    [0, 0, 0] to [511, 511, 14]  (00:00:00.852, -00.00.12.775, 3.457919e+11Hz to 23:59:59.148, +00.00.12.775, 3.457867e+11Hz)
2025-08-11 19:51:58	INFO	immoments::ImageMoments::createMoments	
2025-08-11 19:51:58	INFO	immoments::ImageMoments::createMoments+	Moment axis type is Frequency
2025-08-11 19:51:58	INFO	immoments::ImageMoments::createMoments	
2025-08-11 19:51:58	INFO	immoments::ImageMoments::createMoments+	
2025-08-11 19:51:58	INFO	immoments::ImageMoments::createMoments+	***********************************************************************
2025-08-11 19:51:58	INFO	immoments::ImageMoments::createMoments+	You have selected the following methods
2025-08-11 19:51:58	INFO	immoments::ImageMoments::createMoments+	The basic clip method
2025-08-11 19:51:58	INFO	immoments::ImageMoments::createMoments	Created high_incspiral_m9_3sigma.im
2025-08-11 19:51:58	INFO	immoments::ImageMoments::createMoments	Begin computation of moments
2025-08-11 19:51:59	INFO	immoments::::casa	Task immoments complete. Start time: 2025-08-11 15:51:58.443320 End time: 2025-08-11 15:51:58.669973
2025-08-11 19:51:59	INFO	immoments::::casa	##### End Task: immoments            #####
2025-08-11 19:51:59	INFO	immoments::::casa	##########################################
2025-08-11 19:53:17	INFO	imview::::casa	##########################################
2025-08-11 19:53:17	INFO	imview::::casa	##### Begin Task: imview             #####
2025-08-11 19:53:17	INFO	imview::::casa	imview( raster='high_incspiral_m9_3sigma.im', contour={}, zoom=1, axes={}, out='' )
2025-08-11 19:53:18	INFO	imview::::casa	Task imview complete. Start time: 2025-08-11 15:53:17.433651 End time: 2025-08-11 15:53:18.302553
2025-08-11 19:53:18	INFO	imview::::casa	##### End Task: imview               #####
2025-08-11 19:53:18	INFO	imview::::casa	##########################################
2025-08-11 19:56:15	INFO	immoments::::casa	##########################################
2025-08-11 19:56:15	INFO	immoments::::casa	##### Begin Task: immoments          #####
2025-08-11 19:56:15	INFO	immoments::::casa	immoments( imagename='high_inc_nospiral.image', moments=[9], axis='spec', region='', box='', chans='', stokes='', mask='', includepix=[0.00020669047251246661, 10000000000.0], excludepix=-1, outfile='high_incnospiral_m9_3sigma.im', stretch=False )
2025-08-11 19:56:15	INFO	immoments::CasacRegionManager::fromBCS	No directional region specified. Using full positional plane.
2025-08-11 19:56:15	INFO	immoments::CasacRegionManager::fromBCS	Using all spectral channels.
2025-08-11 19:56:15	INFO	immoments::ImageRegion::fromRecord	Selected bounding box : 
2025-08-11 19:56:15	INFO	immoments::ImageRegion::fromRecord+	    [0, 0, 0] to [511, 511, 14]  (00:00:00.852, -00.00.12.775, 3.457919e+11Hz to 23:59:59.148, +00.00.12.775, 3.457867e+11Hz)
2025-08-11 19:56:15	INFO	immoments::ImageMoments::createMoments	
2025-08-11 19:56:15	INFO	immoments::ImageMoments::createMoments+	Moment axis type is Frequency
2025-08-11 19:56:15	INFO	immoments::ImageMoments::createMoments	
2025-08-11 19:56:15	INFO	immoments::ImageMoments::createMoments+	
2025-08-11 19:56:15	INFO	immoments::ImageMoments::createMoments+	***********************************************************************
2025-08-11 19:56:15	INFO	immoments::ImageMoments::createMoments+	You have selected the following methods
2025-08-11 19:56:15	INFO	immoments::ImageMoments::createMoments+	The basic clip method
2025-08-11 19:56:15	INFO	immoments::ImageMoments::createMoments	Created high_incnospiral_m9_3sigma.im
2025-08-11 19:56:15	INFO	immoments::ImageMoments::createMoments	Begin computation of moments
2025-08-11 19:56:15	INFO	immoments::::casa	Task immoments complete. Start time: 2025-08-11 15:56:14.817409 End time: 2025-08-11 15:56:15.039063
2025-08-11 19:56:15	INFO	immoments::::casa	##### End Task: immoments            #####
2025-08-11 19:56:15	INFO	immoments::::casa	##########################################
2025-08-11 19:56:25	INFO	imview::::casa	##########################################
2025-08-11 19:56:25	INFO	imview::::casa	##### Begin Task: imview             #####
2025-08-11 19:56:25	INFO	imview::::casa	imview( raster='high_incnospiral_m9_3sigma.im', contour={}, zoom=1, axes={}, out='' )
2025-08-11 19:56:26	INFO	imview::::casa	Task imview complete. Start time: 2025-08-11 15:56:24.896101 End time: 2025-08-11 15:56:25.656494
2025-08-11 19:56:26	INFO	imview::::casa	##### End Task: imview               #####
2025-08-11 19:56:26	INFO	imview::::casa	##########################################
2025-08-12 17:03:17	INFO	importfits::::casa	##########################################
2025-08-12 17:03:17	INFO	importfits::::casa	##### Begin Task: importfits         #####
2025-08-12 17:03:17	INFO	importfits::::casa	importfits( fitsimage='logarini_replica.fits', imagename='elias_disk.image', whichrep=0, whichhdu=-1, zeroblanks=True, overwrite=True, defaultaxes=False, defaultaxesvalues=[], beam=[] )
2025-08-12 17:03:17	INFO	importfits::::	FITS card 17: CRPIX3  =                    1                                                  
2025-08-12 17:03:17	INFO	importfits::::	Keyword value has wrong data type.
2025-08-12 17:03:17	INFO	importfits::::	... converted to type double.
2025-08-12 17:03:17	INFO	importfits::::ImageFITSConverter	Processing HDU 0
2025-08-12 17:03:17	INFO	importfits::ImageFITSConverterImpl::FITSToImage 	Created image of shape [512, 512, 15]
2025-08-12 17:03:17	INFO	importfits::ImageFITSConverterImpl::FITSToImage 	Copy FITS file to '/Volumes/disks/theo/49ceti_warpmodel/Spiral/elias_disk.image' All pixels fit in memory (3932160 pixels).
2025-08-12 17:03:17	INFO	importfits::ImageFITSConverterImpl::FITSToImage 	No usable restoring beam information found.
2025-08-12 17:03:17	WARN	importfits::::casa	This image has no beam or angular resolution provided, so you will not receive warnings from
2025-08-12 17:03:17	WARN	importfits::::casa+	tasks such as imregrid if your image pixels do not sample the the angular resolution well.
2025-08-12 17:03:17	WARN	importfits::::casa+	(This only affects warnings, not any functionality).
2025-08-12 17:03:17	WARN	importfits::::casa+	Providing a beam and brightness units in an image can also be useful for flux calculations.
2025-08-12 17:03:17	WARN	importfits::::casa+	If you wish to add a beam or brightness units to your image, please use
2025-08-12 17:03:17	WARN	importfits::::casa+	the "beam" parameter or ia.setrestoringbeam() and ia.setbrightnessunit()
2025-08-12 17:03:17	INFO	importfits::::casa	Task importfits complete. Start time: 2025-08-12 13:03:17.112082 End time: 2025-08-12 13:03:17.326498
2025-08-12 17:03:17	INFO	importfits::::casa	##### End Task: importfits           #####
2025-08-12 17:03:17	INFO	importfits::::casa	##########################################
2025-08-12 17:04:19	SEVERE	immoments::::casa	Exception Reported: Error in immoments: the imagename parameter must be a path that exists ('elias__disk.image' does not exist)
2025-08-12 17:04:19	INFO	immoments::::casa	Traceback (most recent call last):
2025-08-12 17:04:19	INFO	immoments::::casa+	  File "/soft/casa-6.6.5-31-py3.10.el8/lib/py/lib/python3.10/site-packages/casashell/private/immoments.py", line 583, in __call__
2025-08-12 17:04:19	INFO	immoments::::casa+	    assert _pc.validate(_invocation_parameters,self.__schema), create_error_string(_pc.errors)
2025-08-12 17:04:19	INFO	immoments::::casa+	AssertionError: the imagename parameter must be a path that exists ('elias__disk.image' does not exist)
2025-08-12 17:04:33	INFO	immoments::::casa	##########################################
2025-08-12 17:04:33	INFO	immoments::::casa	##### Begin Task: immoments          #####
2025-08-12 17:04:33	INFO	immoments::::casa	immoments( imagename='elias_disk.image', moments=[1], axis='spec', region='', box='', chans='', stokes='', mask='', includepix=[0.00020669047251246661, 10000000000.0], excludepix=-1, outfile='elias_disk_m1_3sigma.im', stretch=False )
2025-08-12 17:04:33	INFO	immoments::CasacRegionManager::fromBCS	No directional region specified. Using full positional plane.
2025-08-12 17:04:33	INFO	immoments::CasacRegionManager::fromBCS	Using all spectral channels.
2025-08-12 17:04:33	INFO	immoments::ImageRegion::fromRecord	Selected bounding box : 
2025-08-12 17:04:33	INFO	immoments::ImageRegion::fromRecord+	    [0, 0, 0] to [511, 511, 14]  (00:00:00.852, -00.00.12.775, 3.457919e+11Hz to 23:59:59.148, +00.00.12.775, 3.457867e+11Hz)
2025-08-12 17:04:33	INFO	immoments::ImageMoments::createMoments	
2025-08-12 17:04:33	INFO	immoments::ImageMoments::createMoments+	Moment axis type is Frequency
2025-08-12 17:04:33	INFO	immoments::ImageMoments::createMoments	
2025-08-12 17:04:33	INFO	immoments::ImageMoments::createMoments+	
2025-08-12 17:04:33	INFO	immoments::ImageMoments::createMoments+	***********************************************************************
2025-08-12 17:04:33	INFO	immoments::ImageMoments::createMoments+	You have selected the following methods
2025-08-12 17:04:33	INFO	immoments::ImageMoments::createMoments+	The basic clip method
2025-08-12 17:04:33	INFO	immoments::ImageMoments::createMoments	Created elias_disk_m1_3sigma.im
2025-08-12 17:04:33	INFO	immoments::ImageMoments::createMoments	Begin computation of moments
2025-08-12 17:04:33	INFO	immoments::::casa	Task immoments complete. Start time: 2025-08-12 13:04:32.750941 End time: 2025-08-12 13:04:32.937375
2025-08-12 17:04:33	INFO	immoments::::casa	##### End Task: immoments            #####
2025-08-12 17:04:33	INFO	immoments::::casa	##########################################
2025-08-12 17:04:49	INFO	imview::::casa	##########################################
2025-08-12 17:04:49	INFO	imview::::casa	##### Begin Task: imview             #####
2025-08-12 17:04:49	INFO	imview::::casa	imview( raster='elias_disk_m1_3sigma.im', contour={}, zoom=1, axes={}, out='' )
2025-08-12 17:04:49	INFO	imview::::casa	Task imview complete. Start time: 2025-08-12 13:04:48.561777 End time: 2025-08-12 13:04:49.246018
2025-08-12 17:04:49	INFO	imview::::casa	##### End Task: imview               #####
2025-08-12 17:04:49	INFO	imview::::casa	##########################################
2025-08-12 17:05:42	INFO	immoments::::casa	##########################################
2025-08-12 17:05:42	INFO	immoments::::casa	##### Begin Task: immoments          #####
2025-08-12 17:05:42	INFO	immoments::::casa	immoments( imagename='elias_disk.image', moments=[0], axis='spec', region='', box='', chans='', stokes='', mask='', includepix=-1, excludepix=-1, outfile='elias_disk_m0_3sigma.im', stretch=False )
2025-08-12 17:05:42	INFO	immoments::CasacRegionManager::fromBCS	No directional region specified. Using full positional plane.
2025-08-12 17:05:42	INFO	immoments::CasacRegionManager::fromBCS	Using all spectral channels.
2025-08-12 17:05:42	INFO	immoments::ImageRegion::fromRecord	Selected bounding box : 
2025-08-12 17:05:42	INFO	immoments::ImageRegion::fromRecord+	    [0, 0, 0] to [511, 511, 14]  (00:00:00.852, -00.00.12.775, 3.457919e+11Hz to 23:59:59.148, +00.00.12.775, 3.457867e+11Hz)
2025-08-12 17:05:42	INFO	immoments::ImageMoments::createMoments	
2025-08-12 17:05:42	INFO	immoments::ImageMoments::createMoments+	Moment axis type is Frequency
2025-08-12 17:05:42	INFO	immoments::ImageMoments::createMoments	
2025-08-12 17:05:42	INFO	immoments::ImageMoments::createMoments+	
2025-08-12 17:05:42	INFO	immoments::ImageMoments::createMoments+	***********************************************************************
2025-08-12 17:05:42	INFO	immoments::ImageMoments::createMoments+	You have selected the following methods
2025-08-12 17:05:42	INFO	immoments::ImageMoments::createMoments+	The basic method
2025-08-12 17:05:42	INFO	immoments::ImageMoments::createMoments	Created elias_disk_m0_3sigma.im
2025-08-12 17:05:42	INFO	immoments::ImageMoments::createMoments	Could not determine the units of the moment image(s) so the units 
2025-08-12 17:05:42	INFO	immoments::ImageMoments::createMoments+	will be the same as those of the input image. This may not be very useful.
2025-08-12 17:05:42	INFO	immoments::ImageMoments::createMoments	Begin computation of moments
2025-08-12 17:05:42	INFO	immoments::::casa	Task immoments complete. Start time: 2025-08-12 13:05:42.191471 End time: 2025-08-12 13:05:42.398244
2025-08-12 17:05:42	INFO	immoments::::casa	##### End Task: immoments            #####
2025-08-12 17:05:42	INFO	immoments::::casa	##########################################
2025-08-12 17:05:52	INFO	imview::::casa	##########################################
2025-08-12 17:05:52	INFO	imview::::casa	##### Begin Task: imview             #####
2025-08-12 17:05:52	INFO	imview::::casa	imview( raster='elias_disk_m0_3sigma.im', contour={}, zoom=1, axes={}, out='' )
2025-08-12 17:05:53	INFO	imview::::casa	Task imview complete. Start time: 2025-08-12 13:05:52.189491 End time: 2025-08-12 13:05:53.022159
2025-08-12 17:05:53	INFO	imview::::casa	##### End Task: imview               #####
2025-08-12 17:05:53	INFO	imview::::casa	##########################################
2025-08-12 17:07:39	INFO	immoments::::casa	##########################################
2025-08-12 17:07:39	INFO	immoments::::casa	##### Begin Task: immoments          #####
2025-08-12 17:07:39	INFO	immoments::::casa	immoments( imagename='elias_disk.image', moments=[9], axis='spec', region='', box='', chans='', stokes='', mask='', includepix=-1, excludepix=-1, outfile='elias_disk_m9_3sigma.im', stretch=False )
2025-08-12 17:07:39	INFO	immoments::CasacRegionManager::fromBCS	No directional region specified. Using full positional plane.
2025-08-12 17:07:39	INFO	immoments::CasacRegionManager::fromBCS	Using all spectral channels.
2025-08-12 17:07:39	INFO	immoments::ImageRegion::fromRecord	Selected bounding box : 
2025-08-12 17:07:39	INFO	immoments::ImageRegion::fromRecord+	    [0, 0, 0] to [511, 511, 14]  (00:00:00.852, -00.00.12.775, 3.457919e+11Hz to 23:59:59.148, +00.00.12.775, 3.457867e+11Hz)
2025-08-12 17:07:39	INFO	immoments::ImageMoments::createMoments	
2025-08-12 17:07:39	INFO	immoments::ImageMoments::createMoments+	Moment axis type is Frequency
2025-08-12 17:07:39	INFO	immoments::ImageMoments::createMoments	
2025-08-12 17:07:39	INFO	immoments::ImageMoments::createMoments+	
2025-08-12 17:07:39	INFO	immoments::ImageMoments::createMoments+	***********************************************************************
2025-08-12 17:07:39	INFO	immoments::ImageMoments::createMoments+	You have selected the following methods
2025-08-12 17:07:39	INFO	immoments::ImageMoments::createMoments+	The basic method
2025-08-12 17:07:39	INFO	immoments::ImageMoments::createMoments	Created elias_disk_m9_3sigma.im
2025-08-12 17:07:39	INFO	immoments::ImageMoments::createMoments	Begin computation of moments
2025-08-12 17:07:39	INFO	immoments::::casa	Task immoments complete. Start time: 2025-08-12 13:07:38.577363 End time: 2025-08-12 13:07:39.480758
2025-08-12 17:07:39	INFO	immoments::::casa	##### End Task: immoments            #####
2025-08-12 17:07:39	INFO	immoments::::casa	##########################################
2025-08-12 17:07:44	INFO	imview::::casa	##########################################
2025-08-12 17:07:44	INFO	imview::::casa	##### Begin Task: imview             #####
2025-08-12 17:07:44	INFO	imview::::casa	imview( raster='elias_disk_m9_3sigma.im', contour={}, zoom=1, axes={}, out='' )
2025-08-12 17:07:45	INFO	imview::::casa	Task imview complete. Start time: 2025-08-12 13:07:44.231591 End time: 2025-08-12 13:07:45.187300
2025-08-12 17:07:45	INFO	imview::::casa	##### End Task: imview               #####
2025-08-12 17:07:45	INFO	imview::::casa	##########################################
2025-08-12 17:08:21	INFO	immoments::::casa	##########################################
2025-08-12 17:08:21	INFO	immoments::::casa	##### Begin Task: immoments          #####
2025-08-12 17:08:21	INFO	immoments::::casa	immoments( imagename='elias_disk.image', moments=[9], axis='spec', region='', box='', chans='', stokes='', mask='', includepix=[0.00020669047251246661, 10000000000.0], excludepix=-1, outfile='elias_disk_m9_3sigma1.im', stretch=False )
2025-08-12 17:08:21	INFO	immoments::CasacRegionManager::fromBCS	No directional region specified. Using full positional plane.
2025-08-12 17:08:21	INFO	immoments::CasacRegionManager::fromBCS	Using all spectral channels.
2025-08-12 17:08:21	INFO	immoments::ImageRegion::fromRecord	Selected bounding box : 
2025-08-12 17:08:21	INFO	immoments::ImageRegion::fromRecord+	    [0, 0, 0] to [511, 511, 14]  (00:00:00.852, -00.00.12.775, 3.457919e+11Hz to 23:59:59.148, +00.00.12.775, 3.457867e+11Hz)
2025-08-12 17:08:21	INFO	immoments::ImageMoments::createMoments	
2025-08-12 17:08:21	INFO	immoments::ImageMoments::createMoments+	Moment axis type is Frequency
2025-08-12 17:08:21	INFO	immoments::ImageMoments::createMoments	
2025-08-12 17:08:21	INFO	immoments::ImageMoments::createMoments+	
2025-08-12 17:08:21	INFO	immoments::ImageMoments::createMoments+	***********************************************************************
2025-08-12 17:08:21	INFO	immoments::ImageMoments::createMoments+	You have selected the following methods
2025-08-12 17:08:21	INFO	immoments::ImageMoments::createMoments+	The basic clip method
2025-08-12 17:08:21	INFO	immoments::ImageMoments::createMoments	Created elias_disk_m9_3sigma1.im
2025-08-12 17:08:21	INFO	immoments::ImageMoments::createMoments	Begin computation of moments
2025-08-12 17:08:22	INFO	immoments::::casa	Task immoments complete. Start time: 2025-08-12 13:08:21.307282 End time: 2025-08-12 13:08:21.571933
2025-08-12 17:08:22	INFO	immoments::::casa	##### End Task: immoments            #####
2025-08-12 17:08:22	INFO	immoments::::casa	##########################################
2025-08-12 17:08:27	INFO	imview::::casa	##########################################
2025-08-12 17:08:27	INFO	imview::::casa	##### Begin Task: imview             #####
2025-08-12 17:08:27	INFO	imview::::casa	imview( raster='elias_disk_m9_3sigma1.im', contour={}, zoom=1, axes={}, out='' )
2025-08-12 17:08:28	INFO	imview::::casa	Task imview complete. Start time: 2025-08-12 13:08:27.159469 End time: 2025-08-12 13:08:28.048629
2025-08-12 17:08:28	INFO	imview::::casa	##### End Task: imview               #####
2025-08-12 17:08:28	INFO	imview::::casa	##########################################
